[32m2024-09-22 15:38:58 +1000[0m - dagster - [34mDEBUG[0m - __ASSET_JOB - 279e57d4-e2a3-4d93-90bf-1a13d6de37d5 - 1404 - LOGS_CAPTURED - Started capturing logs in process (pid: 1404).
[32m2024-09-22 15:38:58 +1000[0m - dagster - [34mDEBUG[0m - __ASSET_JOB - 279e57d4-e2a3-4d93-90bf-1a13d6de37d5 - 1404 - dbt_project_dbt_assets - STEP_START - Started execution of step "dbt_project_dbt_assets".
[32m2024-09-22 15:38:58 +1000[0m - dagster - [34mINFO[0m - __ASSET_JOB - 279e57d4-e2a3-4d93-90bf-1a13d6de37d5 - dbt_project_dbt_assets - A dbt subsetted execution is not being performed. Using the default dbt selection arguments `['--select', 'fqn:*']`.
[32m2024-09-22 15:38:58 +1000[0m - dagster - [34mWARNING[0m - __ASSET_JOB - 279e57d4-e2a3-4d93-90bf-1a13d6de37d5 - dbt_project_dbt_assets - An error was encountered when creating a handle to the dbt adapter in Dagster.
Traceback (most recent call last):
  File "C:\Users\joete\Desktop\venv\Lib\site-packages\dagster_dbt\core\resource.py", line 678, in cli
    adapter = self._initialize_adapter(cli_vars)
              ^^^^^^^^^^^^^^^^^^^^^^^^^^^^^^^^^^
  File "C:\Users\joete\Desktop\venv\Lib\site-packages\dagster_dbt\core\resource.py", line 366, in _initialize_adapter
    profile = load_profile(self.project_dir, cli_vars, self.profile, self.target)
              ^^^^^^^^^^^^^^^^^^^^^^^^^^^^^^^^^^^^^^^^^^^^^^^^^^^^^^^^^^^^^^^^^^^
  File "C:\Users\joete\Desktop\venv\Lib\site-packages\dbt\config\runtime.py", line 71, in load_profile
    profile = Profile.render(
              ^^^^^^^^^^^^^^^
  File "C:\Users\joete\Desktop\venv\Lib\site-packages\dbt\config\profile.py", line 403, in render
    return cls.from_raw_profiles(
           ^^^^^^^^^^^^^^^^^^^^^^
  File "C:\Users\joete\Desktop\venv\Lib\site-packages\dbt\config\profile.py", line 360, in from_raw_profiles
    raise DbtProjectError("Could not find profile named '{}'".format(profile_name))
dbt.exceptions.DbtProjectError: Runtime Error
  Could not find profile named 'dbt_project'
[32m2024-09-22 15:38:58 +1000[0m - dagster - [34mINFO[0m - __ASSET_JOB - 279e57d4-e2a3-4d93-90bf-1a13d6de37d5 - dbt_project_dbt_assets - Copying `C:\Users\joete\Desktop\PharmaCompare\dbt_project\target\partial_parse.msgpack` to `C:\Users\joete\Desktop\PharmaCompare\dbt_project\target\dbt_project_dbt_assets-279e57d-e51a6d5\partial_parse.msgpack` to take advantage of partial parsing.
[32m2024-09-22 15:38:58 +1000[0m - dagster - [34mINFO[0m - __ASSET_JOB - 279e57d4-e2a3-4d93-90bf-1a13d6de37d5 - dbt_project_dbt_assets - Running dbt command: `dbt build --select fqn:*`.
[32m2024-09-22 15:39:05 +1000[0m - dagster - [34mDEBUG[0m - __ASSET_JOB - 279e57d4-e2a3-4d93-90bf-1a13d6de37d5 - 1404 - dbt_project_dbt_assets - STEP_OUTPUT - Yielded output "model_dbt_project_my_first_dbt_model" of type "Nothing". (Type check passed).
[32m2024-09-22 15:39:05 +1000[0m - dagster - [34mDEBUG[0m - __ASSET_JOB - 279e57d4-e2a3-4d93-90bf-1a13d6de37d5 - 1404 - dbt_project_dbt_assets - ASSET_MATERIALIZATION - Materialized value my_first_dbt_model.
[32m2024-09-22 15:39:06 +1000[0m - dagster - [34mDEBUG[0m - __ASSET_JOB - 279e57d4-e2a3-4d93-90bf-1a13d6de37d5 - 1404 - dbt_project_dbt_assets - ASSET_CHECK_EVALUATION - DagsterEventType.ASSET_CHECK_EVALUATION for step dbt_project_dbt_assets
[32m2024-09-22 15:39:06 +1000[0m - dagster - [34mDEBUG[0m - __ASSET_JOB - 279e57d4-e2a3-4d93-90bf-1a13d6de37d5 - 1404 - dbt_project_dbt_assets - STEP_OUTPUT - Yielded output "my_first_dbt_model_unique_my_first_dbt_model_id" of type "Any". (Type check passed).
[32m2024-09-22 15:39:06 +1000[0m - dagster - [34mDEBUG[0m - __ASSET_JOB - 279e57d4-e2a3-4d93-90bf-1a13d6de37d5 - 1404 - dbt_project_dbt_assets - ASSET_CHECK_EVALUATION - DagsterEventType.ASSET_CHECK_EVALUATION for step dbt_project_dbt_assets
[32m2024-09-22 15:39:06 +1000[0m - dagster - [34mDEBUG[0m - __ASSET_JOB - 279e57d4-e2a3-4d93-90bf-1a13d6de37d5 - 1404 - dbt_project_dbt_assets - STEP_OUTPUT - Yielded output "my_first_dbt_model_not_null_my_first_dbt_model_id" of type "Any". (Type check passed).
[32m2024-09-22 15:39:07 +1000[0m - dagster - [34mINFO[0m - __ASSET_JOB - 279e57d4-e2a3-4d93-90bf-1a13d6de37d5 - dbt_project_dbt_assets - Finished dbt command: `dbt build --select fqn:*`.
[32m2024-09-22 15:39:07 +1000[0m - dagster - [34mERROR[0m - [31m__ASSET_JOB - 279e57d4-e2a3-4d93-90bf-1a13d6de37d5 - 1404 - dbt_project_dbt_assets - STEP_FAILURE - Execution of step "dbt_project_dbt_assets" failed.

dagster_dbt.errors.DagsterDbtCliRuntimeError: The dbt CLI process with command

`dbt build --select fqn:*`

failed with exit code `1`. Check the stdout in the Dagster compute logs for the full information about the error, or view the dbt debug log: C:\Users\joete\Desktop\PharmaCompare\dbt_project\target\dbt_project_dbt_assets-279e57d-e51a6d5\dbt.log.

Errors parsed from dbt logs:

2 of 3 FAIL 1 not_null_my_first_dbt_model_id ................................... [[31mFAIL 1[0m in 1.38s]

[31mFailure in test not_null_my_first_dbt_model_id (models\example\schema.yml)[0m

  Got 1 result, configured to fail if != 0

Stack Trace:
  File "C:\Users\joete\Desktop\venv\Lib\site-packages\dagster\_core\execution\plan\execute_plan.py", line 245, in dagster_event_sequence_for_step
    for step_event in check.generator(step_events):
  File "C:\Users\joete\Desktop\venv\Lib\site-packages\dagster\_core\execution\plan\execute_step.py", line 499, in core_dagster_event_sequence_for_step
    for user_event in _step_output_error_checked_user_event_sequence(
  File "C:\Users\joete\Desktop\venv\Lib\site-packages\dagster\_core\execution\plan\execute_step.py", line 183, in _step_output_error_checked_user_event_sequence
    for user_event in user_event_sequence:
  File "C:\Users\joete\Desktop\venv\Lib\site-packages\dagster\_core\execution\plan\execute_step.py", line 87, in _process_asset_results_to_events
    for user_event in user_event_sequence:
  File "C:\Users\joete\Desktop\venv\Lib\site-packages\dagster\_core\execution\plan\compute.py", line 197, in execute_core_compute
    for step_output in _yield_compute_results(step_context, inputs, compute_fn, compute_context):
  File "C:\Users\joete\Desktop\venv\Lib\site-packages\dagster\_core\execution\plan\compute.py", line 166, in _yield_compute_results
    for event in iterate_with_context(
  File "C:\Users\joete\Desktop\venv\Lib\site-packages\dagster\_utils\__init__.py", line 477, in iterate_with_context
    next_output = next(iterator)
                  ^^^^^^^^^^^^^^
  File "C:\Users\joete\Desktop\PharmaCompare\dagster_project\dagster_project\assets.py", line 9, in dbt_project_dbt_assets
    yield from dbt.cli(["build"], context=context).stream()
  File "C:\Users\joete\Desktop\venv\Lib\site-packages\dagster_dbt\core\dbt_event_iterator.py", line 203, in __next__
    return next(self._inner_iterator)
           ^^^^^^^^^^^^^^^^^^^^^^^^^^
  File "C:\Users\joete\Desktop\venv\Lib\site-packages\dagster_dbt\core\dbt_cli_invocation.py", line 271, in _stream_asset_events
    for event in self.stream_raw_events():
  File "C:\Users\joete\Desktop\venv\Lib\site-packages\dagster_dbt\core\dbt_cli_invocation.py", line 364, in stream_raw_events
    self._raise_on_error()
  File "C:\Users\joete\Desktop\venv\Lib\site-packages\dagster_dbt\core\dbt_cli_invocation.py", line 457, in _raise_on_error
    raise error
[0m
